<?xml version="1.0" encoding="UTF-8"?>
<testng-results skipped="0" failed="0" ignored="0" total="1" passed="1">
  <reporter-output>
  </reporter-output>
  <suite name="API Test Suite" duration-ms="15435" started-at="2020-02-24T00:58:18Z" finished-at="2020-02-24T00:58:33Z">
    <groups>
    </groups>
    <test name="Api Tests" duration-ms="15435" started-at="2020-02-24T00:58:18Z" finished-at="2020-02-24T00:58:33Z">
      <class name="com.api.test.NavPriceInfoTest">
        <test-method status="PASS" signature="init()[pri:0, instance:com.api.test.NavPriceInfoTest@7921b0a2]" name="init" is-config="true" duration-ms="777" started-at="2020-02-24T00:58:18Z" finished-at="2020-02-24T00:58:19Z">
          <reporter-output>
          </reporter-output>
        </test-method> <!-- init -->
        <test-method status="PASS" signature="verifyNavPriceArrayValues()[pri:1, instance:com.api.test.NavPriceInfoTest@7921b0a2]" name="verifyNavPriceArrayValues" duration-ms="14633" started-at="2020-02-24T00:58:19Z" description="Test to verify all the NAV values" finished-at="2020-02-24T00:58:33Z">
          <reporter-output>
          </reporter-output>
        </test-method> <!-- verifyNavPriceArrayValues -->
        <test-method status="PASS" signature="cleanup()[pri:0, instance:com.api.test.NavPriceInfoTest@7921b0a2]" name="cleanup" is-config="true" duration-ms="3" started-at="2020-02-24T00:58:33Z" finished-at="2020-02-24T00:58:33Z">
          <reporter-output>
          </reporter-output>
        </test-method> <!-- cleanup -->
      </class> <!-- com.api.test.NavPriceInfoTest -->
    </test> <!-- Api Tests -->
  </suite> <!-- API Test Suite -->
</testng-results>
