<?xml version="1.0" encoding="UTF-8"?>
<testng-results skipped="0" failed="0" ignored="0" total="1" passed="1">
  <reporter-output>
  </reporter-output>
  <suite name="API Test Suite" duration-ms="17007" started-at="2020-02-22T11:04:27Z" finished-at="2020-02-22T11:04:44Z">
    <groups>
    </groups>
    <test name="Api Tests" duration-ms="17007" started-at="2020-02-22T11:04:27Z" finished-at="2020-02-22T11:04:44Z">
      <class name="com.api.test.NavPriceInfoTest">
        <test-method status="PASS" signature="init()[pri:0, instance:com.api.test.NavPriceInfoTest@7921b0a2]" name="init" is-config="true" duration-ms="672" started-at="2020-02-22T11:04:27Z" finished-at="2020-02-22T11:04:28Z">
          <reporter-output>
          </reporter-output>
        </test-method> <!-- init -->
        <test-method status="PASS" signature="verifyNavPriceArrayValues()[pri:1, instance:com.api.test.NavPriceInfoTest@7921b0a2]" name="verifyNavPriceArrayValues" duration-ms="16312" started-at="2020-02-22T11:04:28Z" description="Test to verify all the NAV values" finished-at="2020-02-22T11:04:44Z">
          <reporter-output>
          </reporter-output>
        </test-method> <!-- verifyNavPriceArrayValues -->
        <test-method status="PASS" signature="cleanup()[pri:0, instance:com.api.test.NavPriceInfoTest@7921b0a2]" name="cleanup" is-config="true" duration-ms="2" started-at="2020-02-22T11:04:44Z" finished-at="2020-02-22T11:04:44Z">
          <reporter-output>
          </reporter-output>
        </test-method> <!-- cleanup -->
      </class> <!-- com.api.test.NavPriceInfoTest -->
    </test> <!-- Api Tests -->
  </suite> <!-- API Test Suite -->
</testng-results>
